{
  "stats": {
    "suites": 1,
    "tests": 1,
    "passes": 0,
    "pending": 0,
    "failures": 1,
    "start": "2022-05-19T17:54:51.264Z",
    "end": "2022-05-19T17:54:56.699Z",
    "duration": 5435,
    "testsRegistered": 1,
    "passPercent": 0,
    "pendingPercent": 0,
    "other": 0,
    "hasOther": false,
    "skipped": 0,
    "hasSkipped": false
  },
  "results": [
    {
      "uuid": "f8ee2dfc-1118-4331-8dcd-4aa3ba63c008",
      "title": "",
      "fullFile": "cypress/integration/testcases/forgotpassword.spec.js",
      "file": "cypress/integration/testcases/forgotpassword.spec.js",
      "beforeHooks": [],
      "afterHooks": [],
      "tests": [],
      "suites": [
        {
          "uuid": "236b9e43-4456-49f5-a7d9-1b295e8263f5",
          "title": "forgot password",
          "fullFile": "",
          "file": "",
          "beforeHooks": [],
          "afterHooks": [],
          "tests": [
            {
              "title": "As a user I want to reset password",
              "fullTitle": "forgot password As a user I want to reset password",
              "timedOut": null,
              "duration": 5244,
              "state": "failed",
              "speed": null,
              "pass": false,
              "fail": true,
              "pending": false,
              "context": null,
              "code": "cy.get('.login').click();\ncy.get('.lost_password > a').click();\ncy.get('#email').type('laura@gmail.com');\ncy.get('.submit > .btn > span').click();\ncy.get('.alert').contains('A confirmation email has been sent to your address: laura@gmail.com');",
              "err": {
                "message": "CypressError: Timed out after waiting `5000ms` for your remote page to load.\n\nYour page did not fire its `load` event within `5000ms`.\n\nYou can try increasing the `pageLoadTimeout` value in `cypress.json` to wait longer.\n\nBrowsers will not fire the `load` event until all stylesheets and scripts are done downloading.\n\nWhen this `load` event occurs, Cypress will continue running commands.\n\nBecause this error occurred during a `before each` hook we are skipping the remaining tests in the current suite: `forgot password`",
                "estack": "CypressError: Timed out after waiting `5000ms` for your remote page to load.\n\nYour page did not fire its `load` event within `5000ms`.\n\nYou can try increasing the `pageLoadTimeout` value in `cypress.json` to wait longer.\n\nBrowsers will not fire the `load` event until all stylesheets and scripts are done downloading.\n\nWhen this `load` event occurs, Cypress will continue running commands.\n\nBecause this error occurred during a `before each` hook we are skipping the remaining tests in the current suite: `forgot password`\n    at timedOutWaitingForPageLoad (http://automationpractice.com/__cypress/runner/cypress_runner.js:158308:72)\n    at http://automationpractice.com/__cypress/runner/cypress_runner.js:159361:16\n    at tryCatcher (http://automationpractice.com/__cypress/runner/cypress_runner.js:13022:23)\n    at http://automationpractice.com/__cypress/runner/cypress_runner.js:8144:41\n    at tryCatcher (http://automationpractice.com/__cypress/runner/cypress_runner.js:13022:23)\n    at Promise._settlePromiseFromHandler (http://automationpractice.com/__cypress/runner/cypress_runner.js:10957:31)\n    at Promise._settlePromise (http://automationpractice.com/__cypress/runner/cypress_runner.js:11014:18)\n    at Promise._settlePromise0 (http://automationpractice.com/__cypress/runner/cypress_runner.js:11059:10)\n    at Promise._settlePromises (http://automationpractice.com/__cypress/runner/cypress_runner.js:11135:18)\n    at _drainQueueStep (http://automationpractice.com/__cypress/runner/cypress_runner.js:7729:12)\n    at _drainQueue (http://automationpractice.com/__cypress/runner/cypress_runner.js:7722:9)\n    at Async.../../node_modules/bluebird/js/release/async.js.Async._drainQueues (http://automationpractice.com/__cypress/runner/cypress_runner.js:7738:5)\n    at Async.drainQueues (http://automationpractice.com/__cypress/runner/cypress_runner.js:7608:14)\nFrom Your Spec Code:\n    at Context.eval (http://automationpractice.com/__cypress/tests?p=cypress/integration/testcases/forgotpassword.spec.js:102:8)",
                "diff": null
              },
              "uuid": "5f2c2e15-8c88-44e2-b191-5cc9099882b3",
              "parentUUID": "236b9e43-4456-49f5-a7d9-1b295e8263f5",
              "isHook": false,
              "skipped": false
            }
          ],
          "suites": [],
          "passes": [],
          "failures": [
            "5f2c2e15-8c88-44e2-b191-5cc9099882b3"
          ],
          "pending": [],
          "skipped": [],
          "duration": 5244,
          "root": false,
          "rootEmpty": false,
          "_timeout": 2000
        }
      ],
      "passes": [],
      "failures": [],
      "pending": [],
      "skipped": [],
      "duration": 0,
      "root": true,
      "rootEmpty": true,
      "_timeout": 2000
    }
  ],
  "meta": {
    "mocha": {
      "version": "7.0.1"
    },
    "mochawesome": {
      "options": {
        "quiet": false,
        "reportFilename": "mochawesome",
        "saveHtml": false,
        "saveJson": true,
        "consoleReporter": "spec",
        "useInlineDiffs": false,
        "code": true
      },
      "version": "7.1.3"
    },
    "marge": {
      "options": {
        "id": "default",
        "reportDir": "cypress/reports/mocha",
        "quite": true,
        "overwrite": false,
        "html": false,
        "json": true
      },
      "version": "6.2.0"
    }
  }
}